[15:27:12:077] [INFO] - org.springframework.boot.StartupInfoLogger.logStarting(StartupInfoLogger.java:55) - Starting SpringbootShopApplication using Java 1.8.0_171 on DESKTOP-CR7QIQV with PID 460 (F:\JAVA\springboot_shop\target\classes started by Administered in F:\JAVA\springboot_shop)
[15:27:12:866] [INFO] - org.hibernate.validator.internal.util.Version.<clinit>(Version.java:21) - HV000001: Hibernate Validator 6.2.0.Final
[15:27:12:866] [INFO] - org.springframework.boot.SpringApplication.logStartupProfileInfo(SpringApplication.java:659) - No active profile set, falling back to default profiles: default
[15:27:16:176] [INFO] - org.springframework.data.repository.config.RepositoryConfigurationDelegate.multipleStoresDetected(RepositoryConfigurationDelegate.java:262) - Multiple Spring Data modules found, entering strict repository configuration mode!
[15:27:16:179] [INFO] - org.springframework.data.repository.config.RepositoryConfigurationDelegate.registerRepositoriesIn(RepositoryConfigurationDelegate.java:132) - Bootstrapping Spring Data Redis repositories in DEFAULT mode.
[15:27:16:238] [INFO] - org.springframework.data.repository.config.RepositoryConfigurationDelegate.registerRepositoriesIn(RepositoryConfigurationDelegate.java:201) - Finished Spring Data repository scanning in 12 ms. Found 0 Redis repository interfaces.
[15:27:17:558] [INFO] - org.springframework.boot.web.embedded.tomcat.TomcatWebServer.initialize(TomcatWebServer.java:108) - Tomcat initialized with port(s): 8080 (http)
[15:27:17:566] [INFO] - org.apache.juli.logging.DirectJDKLog.log(DirectJDKLog.java:173) - Initializing ProtocolHandler ["http-nio-8080"]
[15:27:17:567] [INFO] - org.apache.juli.logging.DirectJDKLog.log(DirectJDKLog.java:173) - Starting service [Tomcat]
[15:27:17:567] [INFO] - org.apache.juli.logging.DirectJDKLog.log(DirectJDKLog.java:173) - Starting Servlet engine: [Apache Tomcat/9.0.54]
[15:27:17:675] [INFO] - org.apache.juli.logging.DirectJDKLog.log(DirectJDKLog.java:173) - Initializing Spring embedded WebApplicationContext
[15:27:17:675] [INFO] - org.springframework.boot.web.servlet.context.ServletWebServerApplicationContext.prepareWebApplicationContext(ServletWebServerApplicationContext.java:290) - Root WebApplicationContext: initialization completed in 4624 ms
[15:27:19:523] [INFO] - springfox.documentation.spring.web.PropertySourcedRequestMappingHandlerMapping.initHandlerMethods(PropertySourcedRequestMappingHandlerMapping.java:69) - Mapped URL path [/v2/api-docs] onto method [springfox.documentation.swagger2.web.Swagger2Controller#getDocumentation(String, HttpServletRequest)]
[15:27:20:368] [INFO] - org.apache.juli.logging.DirectJDKLog.log(DirectJDKLog.java:173) - Starting ProtocolHandler ["http-nio-8080"]
[15:27:20:426] [INFO] - org.springframework.boot.web.embedded.tomcat.TomcatWebServer.start(TomcatWebServer.java:220) - Tomcat started on port(s): 8080 (http) with context path ''
[15:27:20:427] [INFO] - springfox.documentation.spring.web.plugins.DocumentationPluginsBootstrapper.start(DocumentationPluginsBootstrapper.java:160) - Context refreshed
[15:27:20:453] [INFO] - springfox.documentation.spring.web.plugins.DocumentationPluginsBootstrapper.start(DocumentationPluginsBootstrapper.java:163) - Found 1 custom documentation plugin(s)
[15:27:20:482] [INFO] - springfox.documentation.spring.web.scanners.ApiListingReferenceScanner.scan(ApiListingReferenceScanner.java:41) - Scanning for api listing references
[15:27:20:736] [INFO] - springfox.documentation.spring.web.readers.operation.CachingOperationNameGenerator.startingWith(CachingOperationNameGenerator.java:40) - Generating unique operation named: listUsingGET_1
[15:27:20:754] [INFO] - springfox.documentation.spring.web.readers.operation.CachingOperationNameGenerator.startingWith(CachingOperationNameGenerator.java:40) - Generating unique operation named: listUsingGET_2
[15:27:20:767] [INFO] - springfox.documentation.spring.web.readers.operation.CachingOperationNameGenerator.startingWith(CachingOperationNameGenerator.java:40) - Generating unique operation named: detailUsingGET_1
[15:27:20:772] [INFO] - springfox.documentation.spring.web.readers.operation.CachingOperationNameGenerator.startingWith(CachingOperationNameGenerator.java:40) - Generating unique operation named: listUsingGET_3
[15:27:20:901] [INFO] - org.springframework.boot.StartupInfoLogger.logStarted(StartupInfoLogger.java:61) - Started SpringbootShopApplication in 9.377 seconds (JVM running for 12.753)
[16:06:27:031] [INFO] - org.hibernate.validator.internal.util.Version.<clinit>(Version.java:21) - HV000001: Hibernate Validator 6.2.0.Final
[16:06:27:052] [INFO] - org.springframework.boot.StartupInfoLogger.logStarting(StartupInfoLogger.java:55) - Starting SpringbootShopApplication using Java 1.8.0_171 on DESKTOP-CR7QIQV with PID 13252 (F:\JAVA\springboot_shop\target\classes started by Administered in F:\JAVA\springboot_shop)
[16:06:27:056] [INFO] - org.springframework.boot.SpringApplication.logStartupProfileInfo(SpringApplication.java:659) - No active profile set, falling back to default profiles: default
[16:06:28:446] [INFO] - org.springframework.data.repository.config.RepositoryConfigurationDelegate.multipleStoresDetected(RepositoryConfigurationDelegate.java:262) - Multiple Spring Data modules found, entering strict repository configuration mode!
[16:06:28:448] [INFO] - org.springframework.data.repository.config.RepositoryConfigurationDelegate.registerRepositoriesIn(RepositoryConfigurationDelegate.java:132) - Bootstrapping Spring Data Redis repositories in DEFAULT mode.
[16:06:28:483] [INFO] - org.springframework.data.repository.config.RepositoryConfigurationDelegate.registerRepositoriesIn(RepositoryConfigurationDelegate.java:201) - Finished Spring Data repository scanning in 13 ms. Found 0 Redis repository interfaces.
[16:06:29:276] [INFO] - org.springframework.boot.web.embedded.tomcat.TomcatWebServer.initialize(TomcatWebServer.java:108) - Tomcat initialized with port(s): 8080 (http)
[16:06:29:284] [INFO] - org.apache.juli.logging.DirectJDKLog.log(DirectJDKLog.java:173) - Initializing ProtocolHandler ["http-nio-8080"]
[16:06:29:284] [INFO] - org.apache.juli.logging.DirectJDKLog.log(DirectJDKLog.java:173) - Starting service [Tomcat]
[16:06:29:285] [INFO] - org.apache.juli.logging.DirectJDKLog.log(DirectJDKLog.java:173) - Starting Servlet engine: [Apache Tomcat/9.0.54]
[16:06:29:392] [INFO] - org.apache.juli.logging.DirectJDKLog.log(DirectJDKLog.java:173) - Initializing Spring embedded WebApplicationContext
[16:06:29:392] [INFO] - org.springframework.boot.web.servlet.context.ServletWebServerApplicationContext.prepareWebApplicationContext(ServletWebServerApplicationContext.java:290) - Root WebApplicationContext: initialization completed in 2287 ms
[16:06:30:559] [INFO] - springfox.documentation.spring.web.PropertySourcedRequestMappingHandlerMapping.initHandlerMethods(PropertySourcedRequestMappingHandlerMapping.java:69) - Mapped URL path [/v2/api-docs] onto method [springfox.documentation.swagger2.web.Swagger2Controller#getDocumentation(String, HttpServletRequest)]
[16:06:31:196] [INFO] - org.apache.juli.logging.DirectJDKLog.log(DirectJDKLog.java:173) - Starting ProtocolHandler ["http-nio-8080"]
[16:06:31:211] [INFO] - org.springframework.boot.web.embedded.tomcat.TomcatWebServer.start(TomcatWebServer.java:220) - Tomcat started on port(s): 8080 (http) with context path ''
[16:06:31:212] [INFO] - springfox.documentation.spring.web.plugins.DocumentationPluginsBootstrapper.start(DocumentationPluginsBootstrapper.java:160) - Context refreshed
[16:06:31:238] [INFO] - springfox.documentation.spring.web.plugins.DocumentationPluginsBootstrapper.start(DocumentationPluginsBootstrapper.java:163) - Found 1 custom documentation plugin(s)
[16:06:31:267] [INFO] - springfox.documentation.spring.web.scanners.ApiListingReferenceScanner.scan(ApiListingReferenceScanner.java:41) - Scanning for api listing references
[16:06:31:511] [INFO] - springfox.documentation.spring.web.readers.operation.CachingOperationNameGenerator.startingWith(CachingOperationNameGenerator.java:40) - Generating unique operation named: listUsingGET_1
[16:06:31:530] [INFO] - springfox.documentation.spring.web.readers.operation.CachingOperationNameGenerator.startingWith(CachingOperationNameGenerator.java:40) - Generating unique operation named: listUsingGET_2
[16:06:31:545] [INFO] - springfox.documentation.spring.web.readers.operation.CachingOperationNameGenerator.startingWith(CachingOperationNameGenerator.java:40) - Generating unique operation named: detailUsingGET_1
[16:06:31:550] [INFO] - springfox.documentation.spring.web.readers.operation.CachingOperationNameGenerator.startingWith(CachingOperationNameGenerator.java:40) - Generating unique operation named: listUsingGET_3
[16:06:31:658] [INFO] - org.springframework.boot.StartupInfoLogger.logStarted(StartupInfoLogger.java:61) - Started SpringbootShopApplication in 4.99 seconds (JVM running for 8.464)
[16:08:57:023] [INFO] - org.apache.juli.logging.DirectJDKLog.log(DirectJDKLog.java:173) - Initializing Spring DispatcherServlet 'dispatcherServlet'
[16:08:57:023] [INFO] - org.springframework.web.servlet.FrameworkServlet.initServletBean(FrameworkServlet.java:525) - Initializing Servlet 'dispatcherServlet'
[16:08:57:025] [INFO] - org.springframework.web.servlet.FrameworkServlet.initServletBean(FrameworkServlet.java:547) - Completed initialization in 2 ms
[16:11:43:636] [INFO] - org.hibernate.validator.internal.util.Version.<clinit>(Version.java:21) - HV000001: Hibernate Validator 6.2.0.Final
[16:11:43:671] [INFO] - org.springframework.boot.StartupInfoLogger.logStarting(StartupInfoLogger.java:55) - Starting SpringbootShopApplication using Java 1.8.0_171 on DESKTOP-CR7QIQV with PID 13292 (F:\JAVA\springboot_shop\target\classes started by Administered in F:\JAVA\springboot_shop)
[16:11:43:677] [INFO] - org.springframework.boot.SpringApplication.logStartupProfileInfo(SpringApplication.java:659) - No active profile set, falling back to default profiles: default
[16:11:44:698] [INFO] - org.springframework.data.repository.config.RepositoryConfigurationDelegate.multipleStoresDetected(RepositoryConfigurationDelegate.java:262) - Multiple Spring Data modules found, entering strict repository configuration mode!
[16:11:44:701] [INFO] - org.springframework.data.repository.config.RepositoryConfigurationDelegate.registerRepositoriesIn(RepositoryConfigurationDelegate.java:132) - Bootstrapping Spring Data Redis repositories in DEFAULT mode.
[16:11:44:732] [INFO] - org.springframework.data.repository.config.RepositoryConfigurationDelegate.registerRepositoriesIn(RepositoryConfigurationDelegate.java:201) - Finished Spring Data repository scanning in 13 ms. Found 0 Redis repository interfaces.
[16:11:45:434] [INFO] - org.springframework.boot.web.embedded.tomcat.TomcatWebServer.initialize(TomcatWebServer.java:108) - Tomcat initialized with port(s): 8080 (http)
[16:11:45:441] [INFO] - org.apache.juli.logging.DirectJDKLog.log(DirectJDKLog.java:173) - Initializing ProtocolHandler ["http-nio-8080"]
[16:11:45:441] [INFO] - org.apache.juli.logging.DirectJDKLog.log(DirectJDKLog.java:173) - Starting service [Tomcat]
[16:11:45:441] [INFO] - org.apache.juli.logging.DirectJDKLog.log(DirectJDKLog.java:173) - Starting Servlet engine: [Apache Tomcat/9.0.54]
[16:11:45:551] [INFO] - org.apache.juli.logging.DirectJDKLog.log(DirectJDKLog.java:173) - Initializing Spring embedded WebApplicationContext
[16:11:45:551] [INFO] - org.springframework.boot.web.servlet.context.ServletWebServerApplicationContext.prepareWebApplicationContext(ServletWebServerApplicationContext.java:290) - Root WebApplicationContext: initialization completed in 1774 ms
[16:11:46:511] [INFO] - springfox.documentation.spring.web.PropertySourcedRequestMappingHandlerMapping.initHandlerMethods(PropertySourcedRequestMappingHandlerMapping.java:69) - Mapped URL path [/v2/api-docs] onto method [springfox.documentation.swagger2.web.Swagger2Controller#getDocumentation(String, HttpServletRequest)]
[16:11:47:141] [INFO] - org.apache.juli.logging.DirectJDKLog.log(DirectJDKLog.java:173) - Starting ProtocolHandler ["http-nio-8080"]
[16:11:47:156] [INFO] - org.springframework.boot.web.embedded.tomcat.TomcatWebServer.start(TomcatWebServer.java:220) - Tomcat started on port(s): 8080 (http) with context path ''
[16:11:47:157] [INFO] - springfox.documentation.spring.web.plugins.DocumentationPluginsBootstrapper.start(DocumentationPluginsBootstrapper.java:160) - Context refreshed
[16:11:47:173] [INFO] - springfox.documentation.spring.web.plugins.DocumentationPluginsBootstrapper.start(DocumentationPluginsBootstrapper.java:163) - Found 1 custom documentation plugin(s)
[16:11:47:205] [INFO] - springfox.documentation.spring.web.scanners.ApiListingReferenceScanner.scan(ApiListingReferenceScanner.java:41) - Scanning for api listing references
[16:11:47:448] [INFO] - springfox.documentation.spring.web.readers.operation.CachingOperationNameGenerator.startingWith(CachingOperationNameGenerator.java:40) - Generating unique operation named: listUsingGET_1
[16:11:47:466] [INFO] - springfox.documentation.spring.web.readers.operation.CachingOperationNameGenerator.startingWith(CachingOperationNameGenerator.java:40) - Generating unique operation named: listUsingGET_2
[16:11:47:479] [INFO] - springfox.documentation.spring.web.readers.operation.CachingOperationNameGenerator.startingWith(CachingOperationNameGenerator.java:40) - Generating unique operation named: detailUsingGET_1
[16:11:47:483] [INFO] - springfox.documentation.spring.web.readers.operation.CachingOperationNameGenerator.startingWith(CachingOperationNameGenerator.java:40) - Generating unique operation named: listUsingGET_3
[16:11:47:582] [INFO] - org.springframework.boot.StartupInfoLogger.logStarted(StartupInfoLogger.java:61) - Started SpringbootShopApplication in 4.352 seconds (JVM running for 6.181)
[16:12:39:050] [INFO] - org.apache.juli.logging.DirectJDKLog.log(DirectJDKLog.java:173) - Initializing Spring DispatcherServlet 'dispatcherServlet'
[16:12:39:050] [INFO] - org.springframework.web.servlet.FrameworkServlet.initServletBean(FrameworkServlet.java:525) - Initializing Servlet 'dispatcherServlet'
[16:12:39:052] [INFO] - org.springframework.web.servlet.FrameworkServlet.initServletBean(FrameworkServlet.java:547) - Completed initialization in 2 ms
[16:13:09:051] [INFO] - org.hibernate.validator.internal.util.Version.<clinit>(Version.java:21) - HV000001: Hibernate Validator 6.2.0.Final
[16:13:09:072] [INFO] - org.springframework.boot.StartupInfoLogger.logStarting(StartupInfoLogger.java:55) - Starting SpringbootShopApplication using Java 1.8.0_171 on DESKTOP-CR7QIQV with PID 13004 (F:\JAVA\springboot_shop\target\classes started by Administered in F:\JAVA\springboot_shop)
[16:13:09:076] [INFO] - org.springframework.boot.SpringApplication.logStartupProfileInfo(SpringApplication.java:659) - No active profile set, falling back to default profiles: default
[16:13:09:904] [INFO] - org.springframework.data.repository.config.RepositoryConfigurationDelegate.multipleStoresDetected(RepositoryConfigurationDelegate.java:262) - Multiple Spring Data modules found, entering strict repository configuration mode!
[16:13:09:906] [INFO] - org.springframework.data.repository.config.RepositoryConfigurationDelegate.registerRepositoriesIn(RepositoryConfigurationDelegate.java:132) - Bootstrapping Spring Data Redis repositories in DEFAULT mode.
[16:13:09:933] [INFO] - org.springframework.data.repository.config.RepositoryConfigurationDelegate.registerRepositoriesIn(RepositoryConfigurationDelegate.java:201) - Finished Spring Data repository scanning in 12 ms. Found 0 Redis repository interfaces.
[16:13:10:614] [INFO] - org.springframework.boot.web.embedded.tomcat.TomcatWebServer.initialize(TomcatWebServer.java:108) - Tomcat initialized with port(s): 8080 (http)
[16:13:10:621] [INFO] - org.apache.juli.logging.DirectJDKLog.log(DirectJDKLog.java:173) - Initializing ProtocolHandler ["http-nio-8080"]
[16:13:10:622] [INFO] - org.apache.juli.logging.DirectJDKLog.log(DirectJDKLog.java:173) - Starting service [Tomcat]
[16:13:10:622] [INFO] - org.apache.juli.logging.DirectJDKLog.log(DirectJDKLog.java:173) - Starting Servlet engine: [Apache Tomcat/9.0.54]
[16:13:10:737] [INFO] - org.apache.juli.logging.DirectJDKLog.log(DirectJDKLog.java:173) - Initializing Spring embedded WebApplicationContext
[16:13:10:738] [INFO] - org.springframework.boot.web.servlet.context.ServletWebServerApplicationContext.prepareWebApplicationContext(ServletWebServerApplicationContext.java:290) - Root WebApplicationContext: initialization completed in 1590 ms
[16:13:11:676] [INFO] - springfox.documentation.spring.web.PropertySourcedRequestMappingHandlerMapping.initHandlerMethods(PropertySourcedRequestMappingHandlerMapping.java:69) - Mapped URL path [/v2/api-docs] onto method [springfox.documentation.swagger2.web.Swagger2Controller#getDocumentation(String, HttpServletRequest)]
[16:13:12:275] [INFO] - org.apache.juli.logging.DirectJDKLog.log(DirectJDKLog.java:173) - Starting ProtocolHandler ["http-nio-8080"]
[16:13:12:289] [INFO] - org.springframework.boot.web.embedded.tomcat.TomcatWebServer.start(TomcatWebServer.java:220) - Tomcat started on port(s): 8080 (http) with context path ''
[16:13:12:290] [INFO] - springfox.documentation.spring.web.plugins.DocumentationPluginsBootstrapper.start(DocumentationPluginsBootstrapper.java:160) - Context refreshed
[16:13:12:303] [INFO] - springfox.documentation.spring.web.plugins.DocumentationPluginsBootstrapper.start(DocumentationPluginsBootstrapper.java:163) - Found 1 custom documentation plugin(s)
[16:13:12:331] [INFO] - springfox.documentation.spring.web.scanners.ApiListingReferenceScanner.scan(ApiListingReferenceScanner.java:41) - Scanning for api listing references
[16:13:12:583] [INFO] - springfox.documentation.spring.web.readers.operation.CachingOperationNameGenerator.startingWith(CachingOperationNameGenerator.java:40) - Generating unique operation named: listUsingGET_1
[16:13:12:605] [INFO] - springfox.documentation.spring.web.readers.operation.CachingOperationNameGenerator.startingWith(CachingOperationNameGenerator.java:40) - Generating unique operation named: listUsingGET_2
[16:13:12:623] [INFO] - springfox.documentation.spring.web.readers.operation.CachingOperationNameGenerator.startingWith(CachingOperationNameGenerator.java:40) - Generating unique operation named: detailUsingGET_1
[16:13:12:628] [INFO] - springfox.documentation.spring.web.readers.operation.CachingOperationNameGenerator.startingWith(CachingOperationNameGenerator.java:40) - Generating unique operation named: listUsingGET_3
[16:13:12:728] [INFO] - org.springframework.boot.StartupInfoLogger.logStarted(StartupInfoLogger.java:61) - Started SpringbootShopApplication in 4.078 seconds (JVM running for 5.316)
[16:13:44:672] [INFO] - org.apache.juli.logging.DirectJDKLog.log(DirectJDKLog.java:173) - Initializing Spring DispatcherServlet 'dispatcherServlet'
[16:13:44:672] [INFO] - org.springframework.web.servlet.FrameworkServlet.initServletBean(FrameworkServlet.java:525) - Initializing Servlet 'dispatcherServlet'
[16:13:44:674] [INFO] - org.springframework.web.servlet.FrameworkServlet.initServletBean(FrameworkServlet.java:547) - Completed initialization in 2 ms
[16:21:37:972] [INFO] - org.hibernate.validator.internal.util.Version.<clinit>(Version.java:21) - HV000001: Hibernate Validator 6.2.0.Final
[16:21:38:003] [INFO] - org.springframework.boot.StartupInfoLogger.logStarting(StartupInfoLogger.java:55) - Starting SpringbootShopApplication using Java 1.8.0_171 on DESKTOP-CR7QIQV with PID 13648 (F:\JAVA\springboot_shop\target\classes started by Administered in F:\JAVA\springboot_shop)
[16:21:38:009] [INFO] - org.springframework.boot.SpringApplication.logStartupProfileInfo(SpringApplication.java:659) - No active profile set, falling back to default profiles: default
[16:21:38:866] [INFO] - org.springframework.data.repository.config.RepositoryConfigurationDelegate.multipleStoresDetected(RepositoryConfigurationDelegate.java:262) - Multiple Spring Data modules found, entering strict repository configuration mode!
[16:21:38:868] [INFO] - org.springframework.data.repository.config.RepositoryConfigurationDelegate.registerRepositoriesIn(RepositoryConfigurationDelegate.java:132) - Bootstrapping Spring Data Redis repositories in DEFAULT mode.
[16:21:38:895] [INFO] - org.springframework.data.repository.config.RepositoryConfigurationDelegate.registerRepositoriesIn(RepositoryConfigurationDelegate.java:201) - Finished Spring Data repository scanning in 12 ms. Found 0 Redis repository interfaces.
[16:21:39:648] [INFO] - org.springframework.boot.web.embedded.tomcat.TomcatWebServer.initialize(TomcatWebServer.java:108) - Tomcat initialized with port(s): 8080 (http)
[16:21:39:656] [INFO] - org.apache.juli.logging.DirectJDKLog.log(DirectJDKLog.java:173) - Initializing ProtocolHandler ["http-nio-8080"]
[16:21:39:657] [INFO] - org.apache.juli.logging.DirectJDKLog.log(DirectJDKLog.java:173) - Starting service [Tomcat]
[16:21:39:657] [INFO] - org.apache.juli.logging.DirectJDKLog.log(DirectJDKLog.java:173) - Starting Servlet engine: [Apache Tomcat/9.0.54]
[16:21:39:786] [INFO] - org.apache.juli.logging.DirectJDKLog.log(DirectJDKLog.java:173) - Initializing Spring embedded WebApplicationContext
[16:21:39:787] [INFO] - org.springframework.boot.web.servlet.context.ServletWebServerApplicationContext.prepareWebApplicationContext(ServletWebServerApplicationContext.java:290) - Root WebApplicationContext: initialization completed in 1707 ms
[16:21:40:927] [INFO] - springfox.documentation.spring.web.PropertySourcedRequestMappingHandlerMapping.initHandlerMethods(PropertySourcedRequestMappingHandlerMapping.java:69) - Mapped URL path [/v2/api-docs] onto method [springfox.documentation.swagger2.web.Swagger2Controller#getDocumentation(String, HttpServletRequest)]
[16:21:41:177] [INFO] - org.springframework.boot.autoconfigure.web.servlet.WelcomePageHandlerMapping.<init>(WelcomePageHandlerMapping.java:53) - Adding welcome page: class path resource [static/index.html]
[16:21:41:620] [INFO] - org.apache.juli.logging.DirectJDKLog.log(DirectJDKLog.java:173) - Starting ProtocolHandler ["http-nio-8080"]
[16:21:41:635] [INFO] - org.springframework.boot.web.embedded.tomcat.TomcatWebServer.start(TomcatWebServer.java:220) - Tomcat started on port(s): 8080 (http) with context path ''
[16:21:41:636] [INFO] - springfox.documentation.spring.web.plugins.DocumentationPluginsBootstrapper.start(DocumentationPluginsBootstrapper.java:160) - Context refreshed
[16:21:41:651] [INFO] - springfox.documentation.spring.web.plugins.DocumentationPluginsBootstrapper.start(DocumentationPluginsBootstrapper.java:163) - Found 1 custom documentation plugin(s)
[16:21:41:683] [INFO] - springfox.documentation.spring.web.scanners.ApiListingReferenceScanner.scan(ApiListingReferenceScanner.java:41) - Scanning for api listing references
[16:21:42:001] [INFO] - springfox.documentation.spring.web.readers.operation.CachingOperationNameGenerator.startingWith(CachingOperationNameGenerator.java:40) - Generating unique operation named: listUsingGET_1
[16:21:42:020] [INFO] - springfox.documentation.spring.web.readers.operation.CachingOperationNameGenerator.startingWith(CachingOperationNameGenerator.java:40) - Generating unique operation named: listUsingGET_2
[16:21:42:036] [INFO] - springfox.documentation.spring.web.readers.operation.CachingOperationNameGenerator.startingWith(CachingOperationNameGenerator.java:40) - Generating unique operation named: detailUsingGET_1
[16:21:42:041] [INFO] - springfox.documentation.spring.web.readers.operation.CachingOperationNameGenerator.startingWith(CachingOperationNameGenerator.java:40) - Generating unique operation named: listUsingGET_3
[16:21:42:161] [INFO] - org.springframework.boot.StartupInfoLogger.logStarted(StartupInfoLogger.java:61) - Started SpringbootShopApplication in 4.499 seconds (JVM running for 5.737)
[16:22:09:236] [INFO] - org.apache.juli.logging.DirectJDKLog.log(DirectJDKLog.java:173) - Initializing Spring DispatcherServlet 'dispatcherServlet'
[16:22:09:236] [INFO] - org.springframework.web.servlet.FrameworkServlet.initServletBean(FrameworkServlet.java:525) - Initializing Servlet 'dispatcherServlet'
[16:22:09:238] [INFO] - org.springframework.web.servlet.FrameworkServlet.initServletBean(FrameworkServlet.java:547) - Completed initialization in 2 ms
[16:22:16:927] [INFO] - org.hibernate.validator.internal.util.Version.<clinit>(Version.java:21) - HV000001: Hibernate Validator 6.2.0.Final
[16:22:16:949] [INFO] - org.springframework.boot.StartupInfoLogger.logStarting(StartupInfoLogger.java:55) - Starting SpringbootShopApplication using Java 1.8.0_171 on DESKTOP-CR7QIQV with PID 13496 (F:\JAVA\springboot_shop\target\classes started by Administered in F:\JAVA\springboot_shop)
[16:22:16:953] [INFO] - org.springframework.boot.SpringApplication.logStartupProfileInfo(SpringApplication.java:659) - No active profile set, falling back to default profiles: default
[16:22:17:938] [INFO] - org.springframework.data.repository.config.RepositoryConfigurationDelegate.multipleStoresDetected(RepositoryConfigurationDelegate.java:262) - Multiple Spring Data modules found, entering strict repository configuration mode!
[16:22:17:940] [INFO] - org.springframework.data.repository.config.RepositoryConfigurationDelegate.registerRepositoriesIn(RepositoryConfigurationDelegate.java:132) - Bootstrapping Spring Data Redis repositories in DEFAULT mode.
[16:22:17:968] [INFO] - org.springframework.data.repository.config.RepositoryConfigurationDelegate.registerRepositoriesIn(RepositoryConfigurationDelegate.java:201) - Finished Spring Data repository scanning in 12 ms. Found 0 Redis repository interfaces.
[16:22:18:705] [INFO] - org.springframework.boot.web.embedded.tomcat.TomcatWebServer.initialize(TomcatWebServer.java:108) - Tomcat initialized with port(s): 8080 (http)
[16:22:18:712] [INFO] - org.apache.juli.logging.DirectJDKLog.log(DirectJDKLog.java:173) - Initializing ProtocolHandler ["http-nio-8080"]
[16:22:18:713] [INFO] - org.apache.juli.logging.DirectJDKLog.log(DirectJDKLog.java:173) - Starting service [Tomcat]
[16:22:18:713] [INFO] - org.apache.juli.logging.DirectJDKLog.log(DirectJDKLog.java:173) - Starting Servlet engine: [Apache Tomcat/9.0.54]
[16:22:18:834] [INFO] - org.apache.juli.logging.DirectJDKLog.log(DirectJDKLog.java:173) - Initializing Spring embedded WebApplicationContext
[16:22:18:834] [INFO] - org.springframework.boot.web.servlet.context.ServletWebServerApplicationContext.prepareWebApplicationContext(ServletWebServerApplicationContext.java:290) - Root WebApplicationContext: initialization completed in 1797 ms
[16:22:19:836] [INFO] - springfox.documentation.spring.web.PropertySourcedRequestMappingHandlerMapping.initHandlerMethods(PropertySourcedRequestMappingHandlerMapping.java:69) - Mapped URL path [/v2/api-docs] onto method [springfox.documentation.swagger2.web.Swagger2Controller#getDocumentation(String, HttpServletRequest)]
[16:22:20:070] [INFO] - org.springframework.boot.autoconfigure.web.servlet.WelcomePageHandlerMapping.<init>(WelcomePageHandlerMapping.java:53) - Adding welcome page: class path resource [static/index.html]
[16:22:20:459] [INFO] - org.apache.juli.logging.DirectJDKLog.log(DirectJDKLog.java:173) - Starting ProtocolHandler ["http-nio-8080"]
[16:22:20:474] [INFO] - org.springframework.boot.web.embedded.tomcat.TomcatWebServer.start(TomcatWebServer.java:220) - Tomcat started on port(s): 8080 (http) with context path ''
[16:22:20:475] [INFO] - springfox.documentation.spring.web.plugins.DocumentationPluginsBootstrapper.start(DocumentationPluginsBootstrapper.java:160) - Context refreshed
[16:22:20:489] [INFO] - springfox.documentation.spring.web.plugins.DocumentationPluginsBootstrapper.start(DocumentationPluginsBootstrapper.java:163) - Found 1 custom documentation plugin(s)
[16:22:20:519] [INFO] - springfox.documentation.spring.web.scanners.ApiListingReferenceScanner.scan(ApiListingReferenceScanner.java:41) - Scanning for api listing references
[16:22:20:853] [INFO] - springfox.documentation.spring.web.readers.operation.CachingOperationNameGenerator.startingWith(CachingOperationNameGenerator.java:40) - Generating unique operation named: listUsingGET_1
[16:22:20:871] [INFO] - springfox.documentation.spring.web.readers.operation.CachingOperationNameGenerator.startingWith(CachingOperationNameGenerator.java:40) - Generating unique operation named: listUsingGET_2
[16:22:20:885] [INFO] - springfox.documentation.spring.web.readers.operation.CachingOperationNameGenerator.startingWith(CachingOperationNameGenerator.java:40) - Generating unique operation named: detailUsingGET_1
[16:22:20:890] [INFO] - springfox.documentation.spring.web.readers.operation.CachingOperationNameGenerator.startingWith(CachingOperationNameGenerator.java:40) - Generating unique operation named: listUsingGET_3
[16:22:20:997] [INFO] - org.springframework.boot.StartupInfoLogger.logStarted(StartupInfoLogger.java:61) - Started SpringbootShopApplication in 4.369 seconds (JVM running for 5.59)
[16:22:23:397] [INFO] - org.apache.juli.logging.DirectJDKLog.log(DirectJDKLog.java:173) - Initializing Spring DispatcherServlet 'dispatcherServlet'
[16:22:23:398] [INFO] - org.springframework.web.servlet.FrameworkServlet.initServletBean(FrameworkServlet.java:525) - Initializing Servlet 'dispatcherServlet'
[16:22:23:400] [INFO] - org.springframework.web.servlet.FrameworkServlet.initServletBean(FrameworkServlet.java:547) - Completed initialization in 2 ms
[16:35:48:099] [INFO] - org.hibernate.validator.internal.util.Version.<clinit>(Version.java:21) - HV000001: Hibernate Validator 6.2.0.Final
[16:35:48:126] [INFO] - org.springframework.boot.StartupInfoLogger.logStarting(StartupInfoLogger.java:55) - Starting SpringbootShopApplication using Java 1.8.0_171 on DESKTOP-CR7QIQV with PID 11240 (F:\JAVA\springboot_shop\target\classes started by Administered in F:\JAVA\springboot_shop)
[16:35:48:130] [INFO] - org.springframework.boot.SpringApplication.logStartupProfileInfo(SpringApplication.java:659) - No active profile set, falling back to default profiles: default
[16:35:49:020] [INFO] - org.springframework.data.repository.config.RepositoryConfigurationDelegate.multipleStoresDetected(RepositoryConfigurationDelegate.java:262) - Multiple Spring Data modules found, entering strict repository configuration mode!
[16:35:49:022] [INFO] - org.springframework.data.repository.config.RepositoryConfigurationDelegate.registerRepositoriesIn(RepositoryConfigurationDelegate.java:132) - Bootstrapping Spring Data Redis repositories in DEFAULT mode.
[16:35:49:049] [INFO] - org.springframework.data.repository.config.RepositoryConfigurationDelegate.registerRepositoriesIn(RepositoryConfigurationDelegate.java:201) - Finished Spring Data repository scanning in 11 ms. Found 0 Redis repository interfaces.
[16:35:49:768] [INFO] - org.springframework.boot.web.embedded.tomcat.TomcatWebServer.initialize(TomcatWebServer.java:108) - Tomcat initialized with port(s): 8080 (http)
[16:35:49:776] [INFO] - org.apache.juli.logging.DirectJDKLog.log(DirectJDKLog.java:173) - Initializing ProtocolHandler ["http-nio-8080"]
[16:35:49:776] [INFO] - org.apache.juli.logging.DirectJDKLog.log(DirectJDKLog.java:173) - Starting service [Tomcat]
[16:35:49:777] [INFO] - org.apache.juli.logging.DirectJDKLog.log(DirectJDKLog.java:173) - Starting Servlet engine: [Apache Tomcat/9.0.54]
[16:35:49:875] [INFO] - org.apache.juli.logging.DirectJDKLog.log(DirectJDKLog.java:173) - Initializing Spring embedded WebApplicationContext
[16:35:49:875] [INFO] - org.springframework.boot.web.servlet.context.ServletWebServerApplicationContext.prepareWebApplicationContext(ServletWebServerApplicationContext.java:290) - Root WebApplicationContext: initialization completed in 1651 ms
[16:35:50:820] [INFO] - springfox.documentation.spring.web.PropertySourcedRequestMappingHandlerMapping.initHandlerMethods(PropertySourcedRequestMappingHandlerMapping.java:69) - Mapped URL path [/v2/api-docs] onto method [springfox.documentation.swagger2.web.Swagger2Controller#getDocumentation(String, HttpServletRequest)]
[16:35:51:048] [INFO] - org.springframework.boot.autoconfigure.web.servlet.WelcomePageHandlerMapping.<init>(WelcomePageHandlerMapping.java:53) - Adding welcome page: class path resource [static/index.html]
[16:35:51:442] [INFO] - org.apache.juli.logging.DirectJDKLog.log(DirectJDKLog.java:173) - Starting ProtocolHandler ["http-nio-8080"]
[16:35:51:457] [INFO] - org.springframework.boot.web.embedded.tomcat.TomcatWebServer.start(TomcatWebServer.java:220) - Tomcat started on port(s): 8080 (http) with context path ''
[16:35:51:458] [INFO] - springfox.documentation.spring.web.plugins.DocumentationPluginsBootstrapper.start(DocumentationPluginsBootstrapper.java:160) - Context refreshed
[16:35:51:472] [INFO] - springfox.documentation.spring.web.plugins.DocumentationPluginsBootstrapper.start(DocumentationPluginsBootstrapper.java:163) - Found 1 custom documentation plugin(s)
[16:35:51:500] [INFO] - springfox.documentation.spring.web.scanners.ApiListingReferenceScanner.scan(ApiListingReferenceScanner.java:41) - Scanning for api listing references
[16:35:51:757] [INFO] - springfox.documentation.spring.web.readers.operation.CachingOperationNameGenerator.startingWith(CachingOperationNameGenerator.java:40) - Generating unique operation named: listUsingGET_1
[16:35:51:775] [INFO] - springfox.documentation.spring.web.readers.operation.CachingOperationNameGenerator.startingWith(CachingOperationNameGenerator.java:40) - Generating unique operation named: listUsingGET_2
[16:35:51:788] [INFO] - springfox.documentation.spring.web.readers.operation.CachingOperationNameGenerator.startingWith(CachingOperationNameGenerator.java:40) - Generating unique operation named: detailUsingGET_1
[16:35:51:792] [INFO] - springfox.documentation.spring.web.readers.operation.CachingOperationNameGenerator.startingWith(CachingOperationNameGenerator.java:40) - Generating unique operation named: listUsingGET_3
[16:35:51:899] [INFO] - org.springframework.boot.StartupInfoLogger.logStarted(StartupInfoLogger.java:61) - Started SpringbootShopApplication in 4.106 seconds (JVM running for 5.233)
[16:35:55:120] [INFO] - org.apache.juli.logging.DirectJDKLog.log(DirectJDKLog.java:173) - Initializing Spring DispatcherServlet 'dispatcherServlet'
[16:35:55:121] [INFO] - org.springframework.web.servlet.FrameworkServlet.initServletBean(FrameworkServlet.java:525) - Initializing Servlet 'dispatcherServlet'
[16:35:55:123] [INFO] - org.springframework.web.servlet.FrameworkServlet.initServletBean(FrameworkServlet.java:547) - Completed initialization in 2 ms
[16:42:40:220] [INFO] - org.hibernate.validator.internal.util.Version.<clinit>(Version.java:21) - HV000001: Hibernate Validator 6.2.0.Final
[16:42:40:250] [INFO] - org.springframework.boot.StartupInfoLogger.logStarting(StartupInfoLogger.java:55) - Starting SpringbootShopApplication using Java 1.8.0_171 on DESKTOP-CR7QIQV with PID 13376 (F:\JAVA\springboot_shop\target\classes started by Administered in F:\JAVA\springboot_shop)
[16:42:40:254] [INFO] - org.springframework.boot.SpringApplication.logStartupProfileInfo(SpringApplication.java:659) - No active profile set, falling back to default profiles: default
[16:42:41:737] [INFO] - org.springframework.data.repository.config.RepositoryConfigurationDelegate.multipleStoresDetected(RepositoryConfigurationDelegate.java:262) - Multiple Spring Data modules found, entering strict repository configuration mode!
[16:42:41:739] [INFO] - org.springframework.data.repository.config.RepositoryConfigurationDelegate.registerRepositoriesIn(RepositoryConfigurationDelegate.java:132) - Bootstrapping Spring Data Redis repositories in DEFAULT mode.
[16:42:41:776] [INFO] - org.springframework.data.repository.config.RepositoryConfigurationDelegate.registerRepositoriesIn(RepositoryConfigurationDelegate.java:201) - Finished Spring Data repository scanning in 12 ms. Found 0 Redis repository interfaces.
[16:42:43:079] [INFO] - org.springframework.boot.web.embedded.tomcat.TomcatWebServer.initialize(TomcatWebServer.java:108) - Tomcat initialized with port(s): 8080 (http)
[16:42:43:108] [INFO] - org.apache.juli.logging.DirectJDKLog.log(DirectJDKLog.java:173) - Initializing ProtocolHandler ["http-nio-8080"]
[16:42:43:108] [INFO] - org.apache.juli.logging.DirectJDKLog.log(DirectJDKLog.java:173) - Starting service [Tomcat]
[16:42:43:108] [INFO] - org.apache.juli.logging.DirectJDKLog.log(DirectJDKLog.java:173) - Starting Servlet engine: [Apache Tomcat/9.0.54]
[16:42:43:317] [INFO] - org.apache.juli.logging.DirectJDKLog.log(DirectJDKLog.java:173) - Initializing Spring embedded WebApplicationContext
[16:42:43:318] [INFO] - org.springframework.boot.web.servlet.context.ServletWebServerApplicationContext.prepareWebApplicationContext(ServletWebServerApplicationContext.java:290) - Root WebApplicationContext: initialization completed in 2990 ms
[16:42:44:597] [INFO] - springfox.documentation.spring.web.PropertySourcedRequestMappingHandlerMapping.initHandlerMethods(PropertySourcedRequestMappingHandlerMapping.java:69) - Mapped URL path [/v2/api-docs] onto method [springfox.documentation.swagger2.web.Swagger2Controller#getDocumentation(String, HttpServletRequest)]
[16:42:44:863] [INFO] - org.springframework.boot.autoconfigure.web.servlet.WelcomePageHandlerMapping.<init>(WelcomePageHandlerMapping.java:53) - Adding welcome page: class path resource [static/index.html]
[16:42:45:276] [INFO] - org.apache.juli.logging.DirectJDKLog.log(DirectJDKLog.java:173) - Starting ProtocolHandler ["http-nio-8080"]
[16:42:45:298] [INFO] - org.springframework.boot.web.embedded.tomcat.TomcatWebServer.start(TomcatWebServer.java:220) - Tomcat started on port(s): 8080 (http) with context path ''
[16:42:45:299] [INFO] - springfox.documentation.spring.web.plugins.DocumentationPluginsBootstrapper.start(DocumentationPluginsBootstrapper.java:160) - Context refreshed
[16:42:45:315] [INFO] - springfox.documentation.spring.web.plugins.DocumentationPluginsBootstrapper.start(DocumentationPluginsBootstrapper.java:163) - Found 1 custom documentation plugin(s)
[16:42:45:345] [INFO] - springfox.documentation.spring.web.scanners.ApiListingReferenceScanner.scan(ApiListingReferenceScanner.java:41) - Scanning for api listing references
[16:42:45:593] [INFO] - springfox.documentation.spring.web.readers.operation.CachingOperationNameGenerator.startingWith(CachingOperationNameGenerator.java:40) - Generating unique operation named: listUsingGET_1
[16:42:45:611] [INFO] - springfox.documentation.spring.web.readers.operation.CachingOperationNameGenerator.startingWith(CachingOperationNameGenerator.java:40) - Generating unique operation named: listUsingGET_2
[16:42:45:625] [INFO] - springfox.documentation.spring.web.readers.operation.CachingOperationNameGenerator.startingWith(CachingOperationNameGenerator.java:40) - Generating unique operation named: detailUsingGET_1
[16:42:45:630] [INFO] - springfox.documentation.spring.web.readers.operation.CachingOperationNameGenerator.startingWith(CachingOperationNameGenerator.java:40) - Generating unique operation named: listUsingGET_3
[16:42:45:733] [INFO] - org.springframework.boot.StartupInfoLogger.logStarted(StartupInfoLogger.java:61) - Started SpringbootShopApplication in 5.941 seconds (JVM running for 7.967)
[16:43:38:120] [INFO] - org.apache.juli.logging.DirectJDKLog.log(DirectJDKLog.java:173) - Initializing Spring DispatcherServlet 'dispatcherServlet'
[16:43:38:121] [INFO] - org.springframework.web.servlet.FrameworkServlet.initServletBean(FrameworkServlet.java:525) - Initializing Servlet 'dispatcherServlet'
[16:43:38:123] [INFO] - org.springframework.web.servlet.FrameworkServlet.initServletBean(FrameworkServlet.java:547) - Completed initialization in 2 ms
[16:54:26:374] [INFO] - org.hibernate.validator.internal.util.Version.<clinit>(Version.java:21) - HV000001: Hibernate Validator 6.2.0.Final
[16:54:26:396] [INFO] - org.springframework.boot.StartupInfoLogger.logStarting(StartupInfoLogger.java:55) - Starting SpringbootShopApplication using Java 1.8.0_171 on DESKTOP-CR7QIQV with PID 6124 (F:\JAVA\springboot_shop\target\classes started by Administered in F:\JAVA\springboot_shop)
[16:54:26:399] [INFO] - org.springframework.boot.SpringApplication.logStartupProfileInfo(SpringApplication.java:659) - No active profile set, falling back to default profiles: default
[16:54:27:197] [INFO] - org.springframework.data.repository.config.RepositoryConfigurationDelegate.multipleStoresDetected(RepositoryConfigurationDelegate.java:262) - Multiple Spring Data modules found, entering strict repository configuration mode!
[16:54:27:200] [INFO] - org.springframework.data.repository.config.RepositoryConfigurationDelegate.registerRepositoriesIn(RepositoryConfigurationDelegate.java:132) - Bootstrapping Spring Data Redis repositories in DEFAULT mode.
[16:54:27:228] [INFO] - org.springframework.data.repository.config.RepositoryConfigurationDelegate.registerRepositoriesIn(RepositoryConfigurationDelegate.java:201) - Finished Spring Data repository scanning in 14 ms. Found 0 Redis repository interfaces.
[16:54:27:937] [INFO] - org.springframework.boot.web.embedded.tomcat.TomcatWebServer.initialize(TomcatWebServer.java:108) - Tomcat initialized with port(s): 8080 (http)
[16:54:27:946] [INFO] - org.apache.juli.logging.DirectJDKLog.log(DirectJDKLog.java:173) - Initializing ProtocolHandler ["http-nio-8080"]
[16:54:27:946] [INFO] - org.apache.juli.logging.DirectJDKLog.log(DirectJDKLog.java:173) - Starting service [Tomcat]
[16:54:27:946] [INFO] - org.apache.juli.logging.DirectJDKLog.log(DirectJDKLog.java:173) - Starting Servlet engine: [Apache Tomcat/9.0.54]
[16:54:28:060] [INFO] - org.apache.juli.logging.DirectJDKLog.log(DirectJDKLog.java:173) - Initializing Spring embedded WebApplicationContext
[16:54:28:060] [INFO] - org.springframework.boot.web.servlet.context.ServletWebServerApplicationContext.prepareWebApplicationContext(ServletWebServerApplicationContext.java:290) - Root WebApplicationContext: initialization completed in 1592 ms
[16:54:29:118] [INFO] - springfox.documentation.spring.web.PropertySourcedRequestMappingHandlerMapping.initHandlerMethods(PropertySourcedRequestMappingHandlerMapping.java:69) - Mapped URL path [/v2/api-docs] onto method [springfox.documentation.swagger2.web.Swagger2Controller#getDocumentation(String, HttpServletRequest)]
[16:54:29:346] [INFO] - org.springframework.boot.autoconfigure.web.servlet.WelcomePageHandlerMapping.<init>(WelcomePageHandlerMapping.java:53) - Adding welcome page: class path resource [static/index.html]
[16:54:29:728] [INFO] - org.apache.juli.logging.DirectJDKLog.log(DirectJDKLog.java:173) - Starting ProtocolHandler ["http-nio-8080"]
[16:54:29:742] [INFO] - org.springframework.boot.web.embedded.tomcat.TomcatWebServer.start(TomcatWebServer.java:220) - Tomcat started on port(s): 8080 (http) with context path ''
[16:54:29:743] [INFO] - springfox.documentation.spring.web.plugins.DocumentationPluginsBootstrapper.start(DocumentationPluginsBootstrapper.java:160) - Context refreshed
[16:54:29:757] [INFO] - springfox.documentation.spring.web.plugins.DocumentationPluginsBootstrapper.start(DocumentationPluginsBootstrapper.java:163) - Found 1 custom documentation plugin(s)
[16:54:29:785] [INFO] - springfox.documentation.spring.web.scanners.ApiListingReferenceScanner.scan(ApiListingReferenceScanner.java:41) - Scanning for api listing references
[16:54:30:022] [INFO] - springfox.documentation.spring.web.readers.operation.CachingOperationNameGenerator.startingWith(CachingOperationNameGenerator.java:40) - Generating unique operation named: listUsingGET_1
[16:54:30:040] [INFO] - springfox.documentation.spring.web.readers.operation.CachingOperationNameGenerator.startingWith(CachingOperationNameGenerator.java:40) - Generating unique operation named: listUsingGET_2
[16:54:30:053] [INFO] - springfox.documentation.spring.web.readers.operation.CachingOperationNameGenerator.startingWith(CachingOperationNameGenerator.java:40) - Generating unique operation named: detailUsingGET_1
[16:54:30:058] [INFO] - springfox.documentation.spring.web.readers.operation.CachingOperationNameGenerator.startingWith(CachingOperationNameGenerator.java:40) - Generating unique operation named: listUsingGET_3
[16:54:30:156] [INFO] - org.springframework.boot.StartupInfoLogger.logStarted(StartupInfoLogger.java:61) - Started SpringbootShopApplication in 4.168 seconds (JVM running for 5.819)
[18:09:28:403] [INFO] - org.hibernate.validator.internal.util.Version.<clinit>(Version.java:21) - HV000001: Hibernate Validator 6.2.0.Final
[18:09:28:400] [INFO] - org.springframework.boot.StartupInfoLogger.logStarting(StartupInfoLogger.java:55) - Starting SpringbootShopApplication using Java 1.8.0_171 on DESKTOP-CR7QIQV with PID 2496 (F:\JAVA\springboot_shop\target\classes started by Administered in F:\JAVA\springboot_shop)
[18:09:28:418] [INFO] - org.springframework.boot.SpringApplication.logStartupProfileInfo(SpringApplication.java:659) - No active profile set, falling back to default profiles: default
[18:09:29:233] [INFO] - org.springframework.data.repository.config.RepositoryConfigurationDelegate.multipleStoresDetected(RepositoryConfigurationDelegate.java:262) - Multiple Spring Data modules found, entering strict repository configuration mode!
[18:09:29:235] [INFO] - org.springframework.data.repository.config.RepositoryConfigurationDelegate.registerRepositoriesIn(RepositoryConfigurationDelegate.java:132) - Bootstrapping Spring Data Redis repositories in DEFAULT mode.
[18:09:29:262] [INFO] - org.springframework.data.repository.config.RepositoryConfigurationDelegate.registerRepositoriesIn(RepositoryConfigurationDelegate.java:201) - Finished Spring Data repository scanning in 12 ms. Found 0 Redis repository interfaces.
[18:09:29:985] [INFO] - org.springframework.boot.web.embedded.tomcat.TomcatWebServer.initialize(TomcatWebServer.java:108) - Tomcat initialized with port(s): 8080 (http)
[18:09:29:993] [INFO] - org.apache.juli.logging.DirectJDKLog.log(DirectJDKLog.java:173) - Initializing ProtocolHandler ["http-nio-8080"]
[18:09:29:994] [INFO] - org.apache.juli.logging.DirectJDKLog.log(DirectJDKLog.java:173) - Starting service [Tomcat]
[18:09:29:994] [INFO] - org.apache.juli.logging.DirectJDKLog.log(DirectJDKLog.java:173) - Starting Servlet engine: [Apache Tomcat/9.0.54]
[18:09:30:085] [INFO] - org.apache.juli.logging.DirectJDKLog.log(DirectJDKLog.java:173) - Initializing Spring embedded WebApplicationContext
[18:09:30:085] [INFO] - org.springframework.boot.web.servlet.context.ServletWebServerApplicationContext.prepareWebApplicationContext(ServletWebServerApplicationContext.java:290) - Root WebApplicationContext: initialization completed in 1612 ms
[18:09:31:095] [INFO] - springfox.documentation.spring.web.PropertySourcedRequestMappingHandlerMapping.initHandlerMethods(PropertySourcedRequestMappingHandlerMapping.java:69) - Mapped URL path [/v2/api-docs] onto method [springfox.documentation.swagger2.web.Swagger2Controller#getDocumentation(String, HttpServletRequest)]
[18:09:31:309] [INFO] - org.springframework.boot.autoconfigure.web.servlet.WelcomePageHandlerMapping.<init>(WelcomePageHandlerMapping.java:53) - Adding welcome page: class path resource [static/index.html]
[18:09:31:734] [INFO] - org.apache.juli.logging.DirectJDKLog.log(DirectJDKLog.java:173) - Starting ProtocolHandler ["http-nio-8080"]
[18:09:31:749] [INFO] - org.springframework.boot.web.embedded.tomcat.TomcatWebServer.start(TomcatWebServer.java:220) - Tomcat started on port(s): 8080 (http) with context path ''
[18:09:31:750] [INFO] - springfox.documentation.spring.web.plugins.DocumentationPluginsBootstrapper.start(DocumentationPluginsBootstrapper.java:160) - Context refreshed
[18:09:31:764] [INFO] - springfox.documentation.spring.web.plugins.DocumentationPluginsBootstrapper.start(DocumentationPluginsBootstrapper.java:163) - Found 1 custom documentation plugin(s)
[18:09:31:792] [INFO] - springfox.documentation.spring.web.scanners.ApiListingReferenceScanner.scan(ApiListingReferenceScanner.java:41) - Scanning for api listing references
[18:09:32:029] [INFO] - springfox.documentation.spring.web.readers.operation.CachingOperationNameGenerator.startingWith(CachingOperationNameGenerator.java:40) - Generating unique operation named: listUsingGET_1
[18:09:32:046] [INFO] - springfox.documentation.spring.web.readers.operation.CachingOperationNameGenerator.startingWith(CachingOperationNameGenerator.java:40) - Generating unique operation named: listUsingGET_2
[18:09:32:059] [INFO] - springfox.documentation.spring.web.readers.operation.CachingOperationNameGenerator.startingWith(CachingOperationNameGenerator.java:40) - Generating unique operation named: detailUsingGET_1
[18:09:32:063] [INFO] - springfox.documentation.spring.web.readers.operation.CachingOperationNameGenerator.startingWith(CachingOperationNameGenerator.java:40) - Generating unique operation named: listUsingGET_3
[18:09:32:156] [INFO] - org.springframework.boot.StartupInfoLogger.logStarted(StartupInfoLogger.java:61) - Started SpringbootShopApplication in 4.064 seconds (JVM running for 7.092)
[18:09:59:700] [INFO] - org.hibernate.validator.internal.util.Version.<clinit>(Version.java:21) - HV000001: Hibernate Validator 6.2.0.Final
[18:09:59:728] [INFO] - org.springframework.boot.StartupInfoLogger.logStarting(StartupInfoLogger.java:55) - Starting SpringbootShopApplication using Java 1.8.0_171 on DESKTOP-CR7QIQV with PID 6980 (F:\JAVA\springboot_shop\target\classes started by Administered in F:\JAVA\springboot_shop)
[18:09:59:733] [INFO] - org.springframework.boot.SpringApplication.logStartupProfileInfo(SpringApplication.java:659) - No active profile set, falling back to default profiles: default
[18:10:00:555] [INFO] - org.springframework.data.repository.config.RepositoryConfigurationDelegate.multipleStoresDetected(RepositoryConfigurationDelegate.java:262) - Multiple Spring Data modules found, entering strict repository configuration mode!
[18:10:00:557] [INFO] - org.springframework.data.repository.config.RepositoryConfigurationDelegate.registerRepositoriesIn(RepositoryConfigurationDelegate.java:132) - Bootstrapping Spring Data Redis repositories in DEFAULT mode.
[18:10:00:584] [INFO] - org.springframework.data.repository.config.RepositoryConfigurationDelegate.registerRepositoriesIn(RepositoryConfigurationDelegate.java:201) - Finished Spring Data repository scanning in 12 ms. Found 0 Redis repository interfaces.
[18:10:01:285] [INFO] - org.springframework.boot.web.embedded.tomcat.TomcatWebServer.initialize(TomcatWebServer.java:108) - Tomcat initialized with port(s): 8080 (http)
[18:10:01:294] [INFO] - org.apache.juli.logging.DirectJDKLog.log(DirectJDKLog.java:173) - Initializing ProtocolHandler ["http-nio-8080"]
[18:10:01:294] [INFO] - org.apache.juli.logging.DirectJDKLog.log(DirectJDKLog.java:173) - Starting service [Tomcat]
[18:10:01:294] [INFO] - org.apache.juli.logging.DirectJDKLog.log(DirectJDKLog.java:173) - Starting Servlet engine: [Apache Tomcat/9.0.54]
[18:10:01:384] [INFO] - org.apache.juli.logging.DirectJDKLog.log(DirectJDKLog.java:173) - Initializing Spring embedded WebApplicationContext
[18:10:01:385] [INFO] - org.springframework.boot.web.servlet.context.ServletWebServerApplicationContext.prepareWebApplicationContext(ServletWebServerApplicationContext.java:290) - Root WebApplicationContext: initialization completed in 1565 ms
[18:10:02:343] [INFO] - springfox.documentation.spring.web.PropertySourcedRequestMappingHandlerMapping.initHandlerMethods(PropertySourcedRequestMappingHandlerMapping.java:69) - Mapped URL path [/v2/api-docs] onto method [springfox.documentation.swagger2.web.Swagger2Controller#getDocumentation(String, HttpServletRequest)]
[18:10:02:572] [INFO] - org.springframework.boot.autoconfigure.web.servlet.WelcomePageHandlerMapping.<init>(WelcomePageHandlerMapping.java:53) - Adding welcome page: class path resource [static/index.html]
[18:10:02:963] [INFO] - org.apache.juli.logging.DirectJDKLog.log(DirectJDKLog.java:173) - Starting ProtocolHandler ["http-nio-8080"]
[18:10:02:978] [INFO] - org.springframework.boot.web.embedded.tomcat.TomcatWebServer.start(TomcatWebServer.java:220) - Tomcat started on port(s): 8080 (http) with context path ''
[18:10:02:979] [INFO] - springfox.documentation.spring.web.plugins.DocumentationPluginsBootstrapper.start(DocumentationPluginsBootstrapper.java:160) - Context refreshed
[18:10:02:994] [INFO] - springfox.documentation.spring.web.plugins.DocumentationPluginsBootstrapper.start(DocumentationPluginsBootstrapper.java:163) - Found 1 custom documentation plugin(s)
[18:10:03:023] [INFO] - springfox.documentation.spring.web.scanners.ApiListingReferenceScanner.scan(ApiListingReferenceScanner.java:41) - Scanning for api listing references
[18:10:03:274] [INFO] - springfox.documentation.spring.web.readers.operation.CachingOperationNameGenerator.startingWith(CachingOperationNameGenerator.java:40) - Generating unique operation named: listUsingGET_1
[18:10:03:308] [INFO] - springfox.documentation.spring.web.readers.operation.CachingOperationNameGenerator.startingWith(CachingOperationNameGenerator.java:40) - Generating unique operation named: listUsingGET_2
[18:10:03:324] [INFO] - springfox.documentation.spring.web.readers.operation.CachingOperationNameGenerator.startingWith(CachingOperationNameGenerator.java:40) - Generating unique operation named: detailUsingGET_1
[18:10:03:328] [INFO] - springfox.documentation.spring.web.readers.operation.CachingOperationNameGenerator.startingWith(CachingOperationNameGenerator.java:40) - Generating unique operation named: listUsingGET_3
[18:10:03:425] [INFO] - org.springframework.boot.StartupInfoLogger.logStarted(StartupInfoLogger.java:61) - Started SpringbootShopApplication in 4.06 seconds (JVM running for 5.196)
[18:23:26:015] [INFO] - org.springframework.test.context.support.AbstractTestContextBootstrapper.buildDefaultMergedContextConfiguration(AbstractTestContextBootstrapper.java:305) - Neither @ContextConfiguration nor @ContextHierarchy found for test class [com.jiang.springboot_shop.SpringbootShopApplicationTests], using SpringBootContextLoader
[18:23:26:093] [INFO] - org.springframework.test.context.support.AbstractContextLoader.generateDefaultLocations(AbstractContextLoader.java:264) - Could not detect default resource locations for test class [com.jiang.springboot_shop.SpringbootShopApplicationTests]: no resource found for suffixes {-context.xml, Context.groovy}.
[18:23:26:099] [INFO] - org.springframework.test.context.support.AnnotationConfigContextLoaderUtils.detectDefaultConfigurationClasses(AnnotationConfigContextLoaderUtils.java:83) - Could not detect default configuration classes for test class [com.jiang.springboot_shop.SpringbootShopApplicationTests]: SpringbootShopApplicationTests does not declare any static, non-private, non-final, nested classes annotated with @Configuration.
[18:31:22:451] [INFO] - org.springframework.test.context.support.AbstractTestContextBootstrapper.buildDefaultMergedContextConfiguration(AbstractTestContextBootstrapper.java:305) - Neither @ContextConfiguration nor @ContextHierarchy found for test class [com.jiang.springboot_shop.SpringbootShopApplicationTests], using SpringBootContextLoader
[18:31:22:471] [INFO] - org.springframework.test.context.support.AbstractContextLoader.generateDefaultLocations(AbstractContextLoader.java:264) - Could not detect default resource locations for test class [com.jiang.springboot_shop.SpringbootShopApplicationTests]: no resource found for suffixes {-context.xml, Context.groovy}.
[18:31:22:477] [INFO] - org.springframework.test.context.support.AnnotationConfigContextLoaderUtils.detectDefaultConfigurationClasses(AnnotationConfigContextLoaderUtils.java:83) - Could not detect default configuration classes for test class [com.jiang.springboot_shop.SpringbootShopApplicationTests]: SpringbootShopApplicationTests does not declare any static, non-private, non-final, nested classes annotated with @Configuration.
[18:32:34:746] [INFO] - org.springframework.test.context.support.AbstractTestContextBootstrapper.buildDefaultMergedContextConfiguration(AbstractTestContextBootstrapper.java:305) - Neither @ContextConfiguration nor @ContextHierarchy found for test class [com.jiang.springboot_shop.SpringbootShopApplicationTests], using SpringBootContextLoader
[18:32:34:751] [INFO] - org.springframework.test.context.support.AbstractContextLoader.generateDefaultLocations(AbstractContextLoader.java:264) - Could not detect default resource locations for test class [com.jiang.springboot_shop.SpringbootShopApplicationTests]: no resource found for suffixes {-context.xml, Context.groovy}.
[18:32:34:752] [INFO] - org.springframework.test.context.support.AnnotationConfigContextLoaderUtils.detectDefaultConfigurationClasses(AnnotationConfigContextLoaderUtils.java:83) - Could not detect default configuration classes for test class [com.jiang.springboot_shop.SpringbootShopApplicationTests]: SpringbootShopApplicationTests does not declare any static, non-private, non-final, nested classes annotated with @Configuration.
[18:35:32:935] [INFO] - org.springframework.test.context.support.AbstractTestContextBootstrapper.buildDefaultMergedContextConfiguration(AbstractTestContextBootstrapper.java:305) - Neither @ContextConfiguration nor @ContextHierarchy found for test class [com.jiang.springboot_shop.SpringbootShopApplicationTests], using SpringBootContextLoader
[18:35:32:941] [INFO] - org.springframework.test.context.support.AbstractContextLoader.generateDefaultLocations(AbstractContextLoader.java:264) - Could not detect default resource locations for test class [com.jiang.springboot_shop.SpringbootShopApplicationTests]: no resource found for suffixes {-context.xml, Context.groovy}.
[18:35:32:943] [INFO] - org.springframework.test.context.support.AnnotationConfigContextLoaderUtils.detectDefaultConfigurationClasses(AnnotationConfigContextLoaderUtils.java:83) - Could not detect default configuration classes for test class [com.jiang.springboot_shop.SpringbootShopApplicationTests]: SpringbootShopApplicationTests does not declare any static, non-private, non-final, nested classes annotated with @Configuration.
[18:37:32:188] [INFO] - org.springframework.test.context.support.AbstractTestContextBootstrapper.buildDefaultMergedContextConfiguration(AbstractTestContextBootstrapper.java:305) - Neither @ContextConfiguration nor @ContextHierarchy found for test class [com.jiang.springboot_shop.SpringbootShopApplicationTests], using SpringBootContextLoader
[18:37:32:193] [INFO] - org.springframework.test.context.support.AbstractContextLoader.generateDefaultLocations(AbstractContextLoader.java:264) - Could not detect default resource locations for test class [com.jiang.springboot_shop.SpringbootShopApplicationTests]: no resource found for suffixes {-context.xml, Context.groovy}.
[18:37:32:194] [INFO] - org.springframework.test.context.support.AnnotationConfigContextLoaderUtils.detectDefaultConfigurationClasses(AnnotationConfigContextLoaderUtils.java:83) - Could not detect default configuration classes for test class [com.jiang.springboot_shop.SpringbootShopApplicationTests]: SpringbootShopApplicationTests does not declare any static, non-private, non-final, nested classes annotated with @Configuration.
[18:42:51:280] [INFO] - org.springframework.test.context.support.AbstractTestContextBootstrapper.buildDefaultMergedContextConfiguration(AbstractTestContextBootstrapper.java:305) - Neither @ContextConfiguration nor @ContextHierarchy found for test class [com.jiang.springboot_shop.SpringbootShopApplicationTests], using SpringBootContextLoader
[18:42:51:285] [INFO] - org.springframework.test.context.support.AbstractContextLoader.generateDefaultLocations(AbstractContextLoader.java:264) - Could not detect default resource locations for test class [com.jiang.springboot_shop.SpringbootShopApplicationTests]: no resource found for suffixes {-context.xml, Context.groovy}.
[18:42:51:286] [INFO] - org.springframework.test.context.support.AnnotationConfigContextLoaderUtils.detectDefaultConfigurationClasses(AnnotationConfigContextLoaderUtils.java:83) - Could not detect default configuration classes for test class [com.jiang.springboot_shop.SpringbootShopApplicationTests]: SpringbootShopApplicationTests does not declare any static, non-private, non-final, nested classes annotated with @Configuration.
[19:04:40:867] [INFO] - org.springframework.test.context.support.AbstractTestContextBootstrapper.buildDefaultMergedContextConfiguration(AbstractTestContextBootstrapper.java:305) - Neither @ContextConfiguration nor @ContextHierarchy found for test class [com.jiang.springboot_shop.SpringbootShopApplicationTests], using SpringBootContextLoader
[19:04:40:883] [INFO] - org.springframework.test.context.support.AbstractContextLoader.generateDefaultLocations(AbstractContextLoader.java:264) - Could not detect default resource locations for test class [com.jiang.springboot_shop.SpringbootShopApplicationTests]: no resource found for suffixes {-context.xml, Context.groovy}.
[19:04:40:884] [INFO] - org.springframework.test.context.support.AnnotationConfigContextLoaderUtils.detectDefaultConfigurationClasses(AnnotationConfigContextLoaderUtils.java:83) - Could not detect default configuration classes for test class [com.jiang.springboot_shop.SpringbootShopApplicationTests]: SpringbootShopApplicationTests does not declare any static, non-private, non-final, nested classes annotated with @Configuration.
[19:18:53:290] [INFO] - org.springframework.test.context.support.AbstractTestContextBootstrapper.buildDefaultMergedContextConfiguration(AbstractTestContextBootstrapper.java:305) - Neither @ContextConfiguration nor @ContextHierarchy found for test class [com.jiang.springboot_shop.SpringbootShopApplicationTests], using SpringBootContextLoader
[19:18:53:295] [INFO] - org.springframework.test.context.support.AbstractContextLoader.generateDefaultLocations(AbstractContextLoader.java:264) - Could not detect default resource locations for test class [com.jiang.springboot_shop.SpringbootShopApplicationTests]: no resource found for suffixes {-context.xml, Context.groovy}.
[19:18:53:296] [INFO] - org.springframework.test.context.support.AnnotationConfigContextLoaderUtils.detectDefaultConfigurationClasses(AnnotationConfigContextLoaderUtils.java:83) - Could not detect default configuration classes for test class [com.jiang.springboot_shop.SpringbootShopApplicationTests]: SpringbootShopApplicationTests does not declare any static, non-private, non-final, nested classes annotated with @Configuration.
[19:22:29:093] [INFO] - org.springframework.test.context.support.AbstractTestContextBootstrapper.buildDefaultMergedContextConfiguration(AbstractTestContextBootstrapper.java:305) - Neither @ContextConfiguration nor @ContextHierarchy found for test class [com.jiang.springboot_shop.SpringbootShopApplicationTests], using SpringBootContextLoader
[19:22:29:097] [INFO] - org.springframework.test.context.support.AbstractContextLoader.generateDefaultLocations(AbstractContextLoader.java:264) - Could not detect default resource locations for test class [com.jiang.springboot_shop.SpringbootShopApplicationTests]: no resource found for suffixes {-context.xml, Context.groovy}.
[19:22:29:098] [INFO] - org.springframework.test.context.support.AnnotationConfigContextLoaderUtils.detectDefaultConfigurationClasses(AnnotationConfigContextLoaderUtils.java:83) - Could not detect default configuration classes for test class [com.jiang.springboot_shop.SpringbootShopApplicationTests]: SpringbootShopApplicationTests does not declare any static, non-private, non-final, nested classes annotated with @Configuration.
[19:30:50:306] [INFO] - org.springframework.test.context.support.AbstractTestContextBootstrapper.buildDefaultMergedContextConfiguration(AbstractTestContextBootstrapper.java:305) - Neither @ContextConfiguration nor @ContextHierarchy found for test class [com.jiang.springboot_shop.SpringbootShopApplicationTests], using SpringBootContextLoader
[19:30:50:312] [INFO] - org.springframework.test.context.support.AbstractContextLoader.generateDefaultLocations(AbstractContextLoader.java:264) - Could not detect default resource locations for test class [com.jiang.springboot_shop.SpringbootShopApplicationTests]: no resource found for suffixes {-context.xml, Context.groovy}.
[19:30:50:313] [INFO] - org.springframework.test.context.support.AnnotationConfigContextLoaderUtils.detectDefaultConfigurationClasses(AnnotationConfigContextLoaderUtils.java:83) - Could not detect default configuration classes for test class [com.jiang.springboot_shop.SpringbootShopApplicationTests]: SpringbootShopApplicationTests does not declare any static, non-private, non-final, nested classes annotated with @Configuration.
[19:34:39:862] [INFO] - org.hibernate.validator.internal.util.Version.<clinit>(Version.java:21) - HV000001: Hibernate Validator 6.2.0.Final
[19:34:39:897] [INFO] - org.springframework.boot.StartupInfoLogger.logStarting(StartupInfoLogger.java:55) - Starting SpringbootShopApplication v0.0.2-SNAPSHOT using Java 1.8.0_171 on DESKTOP-CR7QIQV with PID 5480 (F:\JAVA\springboot_shop\target\shop-0.0.2-SNAPSHOT.jar started by Administered in F:\JAVA\springboot_shop\target)
[19:34:39:901] [INFO] - org.springframework.boot.SpringApplication.logStartupProfileInfo(SpringApplication.java:659) - No active profile set, falling back to default profiles: default
[19:34:40:968] [INFO] - org.springframework.data.repository.config.RepositoryConfigurationDelegate.multipleStoresDetected(RepositoryConfigurationDelegate.java:262) - Multiple Spring Data modules found, entering strict repository configuration mode!
[19:34:40:972] [INFO] - org.springframework.data.repository.config.RepositoryConfigurationDelegate.registerRepositoriesIn(RepositoryConfigurationDelegate.java:132) - Bootstrapping Spring Data Redis repositories in DEFAULT mode.
[19:34:40:996] [INFO] - org.springframework.data.repository.config.RepositoryConfigurationDelegate.registerRepositoriesIn(RepositoryConfigurationDelegate.java:201) - Finished Spring Data repository scanning in 7 ms. Found 0 Redis repository interfaces.
[19:34:43:302] [INFO] - org.springframework.boot.web.embedded.tomcat.TomcatWebServer.initialize(TomcatWebServer.java:108) - Tomcat initialized with port(s): 8080 (http)
[19:34:43:348] [INFO] - org.apache.juli.logging.DirectJDKLog.log(DirectJDKLog.java:173) - Initializing ProtocolHandler ["http-nio-8080"]
[19:34:43:349] [INFO] - org.apache.juli.logging.DirectJDKLog.log(DirectJDKLog.java:173) - Starting service [Tomcat]
[19:34:43:349] [INFO] - org.apache.juli.logging.DirectJDKLog.log(DirectJDKLog.java:173) - Starting Servlet engine: [Apache Tomcat/9.0.54]
[19:34:43:727] [INFO] - org.apache.juli.logging.DirectJDKLog.log(DirectJDKLog.java:173) - Initializing Spring embedded WebApplicationContext
[19:34:43:727] [INFO] - org.springframework.boot.web.servlet.context.ServletWebServerApplicationContext.prepareWebApplicationContext(ServletWebServerApplicationContext.java:290) - Root WebApplicationContext: initialization completed in 3748 ms
[19:34:45:965] [INFO] - springfox.documentation.spring.web.PropertySourcedRequestMappingHandlerMapping.initHandlerMethods(PropertySourcedRequestMappingHandlerMapping.java:69) - Mapped URL path [/v2/api-docs] onto method [springfox.documentation.swagger2.web.Swagger2Controller#getDocumentation(String, HttpServletRequest)]
[19:34:46:266] [INFO] - org.springframework.boot.autoconfigure.web.servlet.WelcomePageHandlerMapping.<init>(WelcomePageHandlerMapping.java:53) - Adding welcome page: class path resource [static/index.html]
[19:34:46:968] [INFO] - org.apache.juli.logging.DirectJDKLog.log(DirectJDKLog.java:173) - Starting ProtocolHandler ["http-nio-8080"]
[19:34:49:024] [INFO] - org.springframework.boot.web.embedded.tomcat.TomcatWebServer.start(TomcatWebServer.java:220) - Tomcat started on port(s): 8080 (http) with context path ''
[19:34:49:025] [INFO] - springfox.documentation.spring.web.plugins.DocumentationPluginsBootstrapper.start(DocumentationPluginsBootstrapper.java:160) - Context refreshed
[19:34:49:046] [INFO] - springfox.documentation.spring.web.plugins.DocumentationPluginsBootstrapper.start(DocumentationPluginsBootstrapper.java:163) - Found 1 custom documentation plugin(s)
[19:34:49:077] [INFO] - springfox.documentation.spring.web.scanners.ApiListingReferenceScanner.scan(ApiListingReferenceScanner.java:41) - Scanning for api listing references
[19:34:49:720] [INFO] - springfox.documentation.spring.web.readers.operation.CachingOperationNameGenerator.startingWith(CachingOperationNameGenerator.java:40) - Generating unique operation named: listUsingGET_1
[19:34:49:742] [INFO] - springfox.documentation.spring.web.readers.operation.CachingOperationNameGenerator.startingWith(CachingOperationNameGenerator.java:40) - Generating unique operation named: listUsingGET_2
[19:34:49:766] [INFO] - springfox.documentation.spring.web.readers.operation.CachingOperationNameGenerator.startingWith(CachingOperationNameGenerator.java:40) - Generating unique operation named: detailUsingGET_1
[19:34:49:773] [INFO] - springfox.documentation.spring.web.readers.operation.CachingOperationNameGenerator.startingWith(CachingOperationNameGenerator.java:40) - Generating unique operation named: listUsingGET_3
[19:34:49:932] [INFO] - org.springframework.boot.StartupInfoLogger.logStarted(StartupInfoLogger.java:61) - Started SpringbootShopApplication in 10.414 seconds (JVM running for 13.629)
[19:35:03:943] [INFO] - org.springframework.test.context.support.AbstractTestContextBootstrapper.buildDefaultMergedContextConfiguration(AbstractTestContextBootstrapper.java:305) - Neither @ContextConfiguration nor @ContextHierarchy found for test class [com.jiang.springboot_shop.SpringbootShopApplicationTests], using SpringBootContextLoader
[19:35:03:947] [INFO] - org.springframework.test.context.support.AbstractContextLoader.generateDefaultLocations(AbstractContextLoader.java:264) - Could not detect default resource locations for test class [com.jiang.springboot_shop.SpringbootShopApplicationTests]: no resource found for suffixes {-context.xml, Context.groovy}.
[19:35:03:948] [INFO] - org.springframework.test.context.support.AnnotationConfigContextLoaderUtils.detectDefaultConfigurationClasses(AnnotationConfigContextLoaderUtils.java:83) - Could not detect default configuration classes for test class [com.jiang.springboot_shop.SpringbootShopApplicationTests]: SpringbootShopApplicationTests does not declare any static, non-private, non-final, nested classes annotated with @Configuration.
[20:05:10:733] [INFO] - org.hibernate.validator.internal.util.Version.<clinit>(Version.java:21) - HV000001: Hibernate Validator 6.2.0.Final
[20:05:10:746] [INFO] - org.springframework.boot.StartupInfoLogger.logStarting(StartupInfoLogger.java:55) - Starting SpringbootShopApplication using Java 1.8.0_171 on DESKTOP-CR7QIQV with PID 14980 (F:\JAVA\springboot_shop\target\classes started by Administered in F:\JAVA\springboot_shop)
[20:05:10:759] [INFO] - org.springframework.boot.SpringApplication.logStartupProfileInfo(SpringApplication.java:659) - No active profile set, falling back to default profiles: default
[20:05:12:279] [INFO] - org.springframework.data.repository.config.RepositoryConfigurationDelegate.multipleStoresDetected(RepositoryConfigurationDelegate.java:262) - Multiple Spring Data modules found, entering strict repository configuration mode!
[20:05:12:282] [INFO] - org.springframework.data.repository.config.RepositoryConfigurationDelegate.registerRepositoriesIn(RepositoryConfigurationDelegate.java:132) - Bootstrapping Spring Data Redis repositories in DEFAULT mode.
[20:05:12:327] [INFO] - org.springframework.data.repository.config.RepositoryConfigurationDelegate.registerRepositoriesIn(RepositoryConfigurationDelegate.java:201) - Finished Spring Data repository scanning in 13 ms. Found 0 Redis repository interfaces.
[20:05:13:463] [INFO] - org.springframework.boot.web.embedded.tomcat.TomcatWebServer.initialize(TomcatWebServer.java:108) - Tomcat initialized with port(s): 8080 (http)
[20:05:13:484] [INFO] - org.apache.juli.logging.DirectJDKLog.log(DirectJDKLog.java:173) - Initializing ProtocolHandler ["http-nio-8080"]
[20:05:13:485] [INFO] - org.apache.juli.logging.DirectJDKLog.log(DirectJDKLog.java:173) - Starting service [Tomcat]
[20:05:13:485] [INFO] - org.apache.juli.logging.DirectJDKLog.log(DirectJDKLog.java:173) - Starting Servlet engine: [Apache Tomcat/9.0.54]
[20:05:13:606] [INFO] - org.apache.juli.logging.DirectJDKLog.log(DirectJDKLog.java:173) - Initializing Spring embedded WebApplicationContext
[20:05:13:606] [INFO] - org.springframework.boot.web.servlet.context.ServletWebServerApplicationContext.prepareWebApplicationContext(ServletWebServerApplicationContext.java:290) - Root WebApplicationContext: initialization completed in 2765 ms
[20:05:15:693] [INFO] - springfox.documentation.spring.web.PropertySourcedRequestMappingHandlerMapping.initHandlerMethods(PropertySourcedRequestMappingHandlerMapping.java:69) - Mapped URL path [/v2/api-docs] onto method [springfox.documentation.swagger2.web.Swagger2Controller#getDocumentation(String, HttpServletRequest)]
[20:05:15:998] [INFO] - org.springframework.boot.autoconfigure.web.servlet.WelcomePageHandlerMapping.<init>(WelcomePageHandlerMapping.java:53) - Adding welcome page: class path resource [static/index.html]
[20:05:16:505] [INFO] - org.apache.juli.logging.DirectJDKLog.log(DirectJDKLog.java:173) - Starting ProtocolHandler ["http-nio-8080"]
[20:05:16:509] [WARN] - org.springframework.context.support.AbstractApplicationContext.refresh(AbstractApplicationContext.java:591) - Exception encountered during context initialization - cancelling refresh attempt: org.springframework.context.ApplicationContextException: Failed to start bean 'webServerStartStop'; nested exception is org.springframework.boot.web.server.PortInUseException: Port 8080 is already in use
[20:05:16:530] [INFO] - org.apache.juli.logging.DirectJDKLog.log(DirectJDKLog.java:173) - Pausing ProtocolHandler ["http-nio-8080"]
[20:05:16:530] [INFO] - org.apache.juli.logging.DirectJDKLog.log(DirectJDKLog.java:173) - Stopping service [Tomcat]
[20:05:16:533] [INFO] - org.apache.juli.logging.DirectJDKLog.log(DirectJDKLog.java:173) - Stopping ProtocolHandler ["http-nio-8080"]
[20:05:16:533] [INFO] - org.apache.juli.logging.DirectJDKLog.log(DirectJDKLog.java:173) - Destroying ProtocolHandler ["http-nio-8080"]
[20:19:41:542] [INFO] - org.hibernate.validator.internal.util.Version.<clinit>(Version.java:21) - HV000001: Hibernate Validator 6.2.0.Final
[20:19:41:541] [INFO] - org.springframework.boot.StartupInfoLogger.logStarting(StartupInfoLogger.java:55) - Starting SpringbootShopApplication using Java 1.8.0_171 on DESKTOP-CR7QIQV with PID 12096 (F:\JAVA\springboot_shop\target\classes started by Administered in F:\JAVA\springboot_shop)
[20:19:41:578] [INFO] - org.springframework.boot.SpringApplication.logStartupProfileInfo(SpringApplication.java:659) - No active profile set, falling back to default profiles: default
[20:19:59:354] [INFO] - org.springframework.data.repository.config.RepositoryConfigurationDelegate.multipleStoresDetected(RepositoryConfigurationDelegate.java:262) - Multiple Spring Data modules found, entering strict repository configuration mode!
[20:19:59:364] [INFO] - org.springframework.data.repository.config.RepositoryConfigurationDelegate.registerRepositoriesIn(RepositoryConfigurationDelegate.java:132) - Bootstrapping Spring Data Redis repositories in DEFAULT mode.
[20:19:59:598] [INFO] - org.springframework.data.repository.config.RepositoryConfigurationDelegate.registerRepositoriesIn(RepositoryConfigurationDelegate.java:201) - Finished Spring Data repository scanning in 28 ms. Found 0 Redis repository interfaces.
[20:20:06:774] [INFO] - org.springframework.boot.web.embedded.tomcat.TomcatWebServer.initialize(TomcatWebServer.java:108) - Tomcat initialized with port(s): 8080 (http)
[20:20:07:111] [INFO] - org.apache.juli.logging.DirectJDKLog.log(DirectJDKLog.java:173) - Initializing ProtocolHandler ["http-nio-8080"]
[20:20:07:111] [INFO] - org.apache.juli.logging.DirectJDKLog.log(DirectJDKLog.java:173) - Starting service [Tomcat]
[20:20:07:111] [INFO] - org.apache.juli.logging.DirectJDKLog.log(DirectJDKLog.java:173) - Starting Servlet engine: [Apache Tomcat/9.0.54]
[20:20:07:395] [INFO] - org.apache.juli.logging.DirectJDKLog.log(DirectJDKLog.java:173) - Initializing Spring embedded WebApplicationContext
[20:20:07:395] [INFO] - org.springframework.boot.web.servlet.context.ServletWebServerApplicationContext.prepareWebApplicationContext(ServletWebServerApplicationContext.java:290) - Root WebApplicationContext: initialization completed in 24864 ms
[20:20:23:057] [INFO] - springfox.documentation.spring.web.PropertySourcedRequestMappingHandlerMapping.initHandlerMethods(PropertySourcedRequestMappingHandlerMapping.java:69) - Mapped URL path [/v2/api-docs] onto method [springfox.documentation.swagger2.web.Swagger2Controller#getDocumentation(String, HttpServletRequest)]
[20:20:24:931] [INFO] - org.springframework.boot.autoconfigure.web.servlet.WelcomePageHandlerMapping.<init>(WelcomePageHandlerMapping.java:53) - Adding welcome page: class path resource [static/index.html]
[20:20:26:630] [INFO] - org.apache.juli.logging.DirectJDKLog.log(DirectJDKLog.java:173) - Starting ProtocolHandler ["http-nio-8080"]
[20:20:26:749] [INFO] - org.springframework.boot.web.embedded.tomcat.TomcatWebServer.start(TomcatWebServer.java:220) - Tomcat started on port(s): 8080 (http) with context path ''
[20:20:26:750] [INFO] - springfox.documentation.spring.web.plugins.DocumentationPluginsBootstrapper.start(DocumentationPluginsBootstrapper.java:160) - Context refreshed
[20:20:27:416] [INFO] - springfox.documentation.spring.web.plugins.DocumentationPluginsBootstrapper.start(DocumentationPluginsBootstrapper.java:163) - Found 1 custom documentation plugin(s)
[20:20:27:559] [INFO] - springfox.documentation.spring.web.scanners.ApiListingReferenceScanner.scan(ApiListingReferenceScanner.java:41) - Scanning for api listing references
[20:20:28:334] [INFO] - springfox.documentation.spring.web.readers.operation.CachingOperationNameGenerator.startingWith(CachingOperationNameGenerator.java:40) - Generating unique operation named: listUsingGET_1
[20:20:28:352] [INFO] - springfox.documentation.spring.web.readers.operation.CachingOperationNameGenerator.startingWith(CachingOperationNameGenerator.java:40) - Generating unique operation named: listUsingGET_2
[20:20:28:366] [INFO] - springfox.documentation.spring.web.readers.operation.CachingOperationNameGenerator.startingWith(CachingOperationNameGenerator.java:40) - Generating unique operation named: detailUsingGET_1
[20:20:28:370] [INFO] - springfox.documentation.spring.web.readers.operation.CachingOperationNameGenerator.startingWith(CachingOperationNameGenerator.java:40) - Generating unique operation named: listUsingGET_3
[20:20:28:909] [INFO] - org.springframework.boot.StartupInfoLogger.logStarted(StartupInfoLogger.java:61) - Started SpringbootShopApplication in 49.384 seconds (JVM running for 58.968)
[20:23:38:568] [INFO] - org.springframework.test.context.support.AbstractTestContextBootstrapper.buildDefaultMergedContextConfiguration(AbstractTestContextBootstrapper.java:305) - Neither @ContextConfiguration nor @ContextHierarchy found for test class [com.jiang.springboot_shop.SpringbootShopApplicationTests], using SpringBootContextLoader
[20:23:38:573] [INFO] - org.springframework.test.context.support.AbstractContextLoader.generateDefaultLocations(AbstractContextLoader.java:264) - Could not detect default resource locations for test class [com.jiang.springboot_shop.SpringbootShopApplicationTests]: no resource found for suffixes {-context.xml, Context.groovy}.
[20:23:38:574] [INFO] - org.springframework.test.context.support.AnnotationConfigContextLoaderUtils.detectDefaultConfigurationClasses(AnnotationConfigContextLoaderUtils.java:83) - Could not detect default configuration classes for test class [com.jiang.springboot_shop.SpringbootShopApplicationTests]: SpringbootShopApplicationTests does not declare any static, non-private, non-final, nested classes annotated with @Configuration.
[20:30:55:192] [INFO] - org.hibernate.validator.internal.util.Version.<clinit>(Version.java:21) - HV000001: Hibernate Validator 6.2.0.Final
[20:30:55:212] [INFO] - org.springframework.boot.StartupInfoLogger.logStarting(StartupInfoLogger.java:55) - Starting SpringbootShopApplication using Java 1.8.0_171 on DESKTOP-CR7QIQV with PID 9384 (F:\JAVA\springboot_shop\target\classes started by Administered in F:\JAVA\springboot_shop)
[20:30:55:215] [INFO] - org.springframework.boot.SpringApplication.logStartupProfileInfo(SpringApplication.java:659) - No active profile set, falling back to default profiles: default
[20:30:56:050] [INFO] - org.springframework.data.repository.config.RepositoryConfigurationDelegate.multipleStoresDetected(RepositoryConfigurationDelegate.java:262) - Multiple Spring Data modules found, entering strict repository configuration mode!
[20:30:56:054] [INFO] - org.springframework.data.repository.config.RepositoryConfigurationDelegate.registerRepositoriesIn(RepositoryConfigurationDelegate.java:132) - Bootstrapping Spring Data Redis repositories in DEFAULT mode.
[20:30:56:091] [INFO] - org.springframework.data.repository.config.RepositoryConfigurationDelegate.registerRepositoriesIn(RepositoryConfigurationDelegate.java:201) - Finished Spring Data repository scanning in 16 ms. Found 0 Redis repository interfaces.
[20:30:56:845] [INFO] - org.springframework.boot.web.embedded.tomcat.TomcatWebServer.initialize(TomcatWebServer.java:108) - Tomcat initialized with port(s): 8080 (http)
[20:30:56:852] [INFO] - org.apache.juli.logging.DirectJDKLog.log(DirectJDKLog.java:173) - Initializing ProtocolHandler ["http-nio-8080"]
[20:30:56:852] [INFO] - org.apache.juli.logging.DirectJDKLog.log(DirectJDKLog.java:173) - Starting service [Tomcat]
[20:30:56:852] [INFO] - org.apache.juli.logging.DirectJDKLog.log(DirectJDKLog.java:173) - Starting Servlet engine: [Apache Tomcat/9.0.54]
[20:30:56:949] [INFO] - org.apache.juli.logging.DirectJDKLog.log(DirectJDKLog.java:173) - Initializing Spring embedded WebApplicationContext
[20:30:56:949] [INFO] - org.springframework.boot.web.servlet.context.ServletWebServerApplicationContext.prepareWebApplicationContext(ServletWebServerApplicationContext.java:290) - Root WebApplicationContext: initialization completed in 1664 ms
[20:30:57:960] [INFO] - springfox.documentation.spring.web.PropertySourcedRequestMappingHandlerMapping.initHandlerMethods(PropertySourcedRequestMappingHandlerMapping.java:69) - Mapped URL path [/v2/api-docs] onto method [springfox.documentation.swagger2.web.Swagger2Controller#getDocumentation(String, HttpServletRequest)]
[20:30:58:197] [INFO] - org.springframework.boot.autoconfigure.web.servlet.WelcomePageHandlerMapping.<init>(WelcomePageHandlerMapping.java:53) - Adding welcome page: class path resource [static/index.html]
[20:30:58:645] [INFO] - org.apache.juli.logging.DirectJDKLog.log(DirectJDKLog.java:173) - Starting ProtocolHandler ["http-nio-8080"]
[20:30:58:661] [INFO] - org.springframework.boot.web.embedded.tomcat.TomcatWebServer.start(TomcatWebServer.java:220) - Tomcat started on port(s): 8080 (http) with context path ''
[20:30:58:663] [INFO] - springfox.documentation.spring.web.plugins.DocumentationPluginsBootstrapper.start(DocumentationPluginsBootstrapper.java:160) - Context refreshed
[20:30:58:677] [INFO] - springfox.documentation.spring.web.plugins.DocumentationPluginsBootstrapper.start(DocumentationPluginsBootstrapper.java:163) - Found 1 custom documentation plugin(s)
[20:30:58:705] [INFO] - springfox.documentation.spring.web.scanners.ApiListingReferenceScanner.scan(ApiListingReferenceScanner.java:41) - Scanning for api listing references
[20:30:58:965] [INFO] - springfox.documentation.spring.web.readers.operation.CachingOperationNameGenerator.startingWith(CachingOperationNameGenerator.java:40) - Generating unique operation named: listUsingGET_1
[20:30:58:983] [INFO] - springfox.documentation.spring.web.readers.operation.CachingOperationNameGenerator.startingWith(CachingOperationNameGenerator.java:40) - Generating unique operation named: listUsingGET_2
[20:30:58:997] [INFO] - springfox.documentation.spring.web.readers.operation.CachingOperationNameGenerator.startingWith(CachingOperationNameGenerator.java:40) - Generating unique operation named: detailUsingGET_1
[20:30:59:001] [INFO] - springfox.documentation.spring.web.readers.operation.CachingOperationNameGenerator.startingWith(CachingOperationNameGenerator.java:40) - Generating unique operation named: listUsingGET_3
[20:30:59:097] [INFO] - org.springframework.boot.StartupInfoLogger.logStarted(StartupInfoLogger.java:61) - Started SpringbootShopApplication in 4.159 seconds (JVM running for 6.51)
[20:38:44:848] [INFO] - org.springframework.test.context.support.AbstractTestContextBootstrapper.buildDefaultMergedContextConfiguration(AbstractTestContextBootstrapper.java:305) - Neither @ContextConfiguration nor @ContextHierarchy found for test class [com.jiang.springboot_shop.SpringbootShopApplicationTests], using SpringBootContextLoader
[20:38:44:879] [INFO] - org.springframework.test.context.support.AbstractContextLoader.generateDefaultLocations(AbstractContextLoader.java:264) - Could not detect default resource locations for test class [com.jiang.springboot_shop.SpringbootShopApplicationTests]: no resource found for suffixes {-context.xml, Context.groovy}.
[20:38:44:880] [INFO] - org.springframework.test.context.support.AnnotationConfigContextLoaderUtils.detectDefaultConfigurationClasses(AnnotationConfigContextLoaderUtils.java:83) - Could not detect default configuration classes for test class [com.jiang.springboot_shop.SpringbootShopApplicationTests]: SpringbootShopApplicationTests does not declare any static, non-private, non-final, nested classes annotated with @Configuration.
